spriterweb v1.0
Built on Sep 30 2016 at 13:18:13.
Original filename: 20160930T171815Z.log
Current debug verbosity: 5
SDL: 2.0.4. (compiled) 2.0.4. (linked)
SDL_Image: 2.0.1 (compiled) 2.0.1 (linked)
TTF Version: 2.0.14 (compiled) 2.0.14 (linked)
InitVideo: NULL |  
LoadFont: Resources/FSMR.ttf 16 |  1
LoadImage: Resources/C3P1.png |   1 1
MainFrame: 0 Split: 1 FPS: 1000.000000
EventMatch: 1543444144 63043311
EventMatch returned 0
EventMatch: 1543444144 63043311
EventMatch: 1543444144 63043311
EventMatch returned 0
EventMatch: 1543444144 63043311
EventMatch: 1543444144 63043311
EventMatch returned 0
EventMatch: 1543444144 63043311
EventMatch: 1543444144 63043311
EventMatch returned 0
EventMatch: 1543444144 63043311
EventMatch: 1543444144 63043311
EventMatch returned 0
EventMatch: 1543444144 63043311
EventMatch: 1543444144 63043311
EventMatch returned 0
EventMatch: 1543444144 63043311
Added event J1A0 with value -129.000000 at 4421 to 1
EventMatch: 1543444144 63043311
EventMatch returned 0
EventMatch: 1543444144 63043311
Added event J1A1 with value -129.000000 at 4421 to 2
EventMatch: 1543444144 63043311
EventMatch returned 0
EventMatch: 1543444144 63043311
Added event J0A0 with value 128.000000 at 4421 to 3
EventMatch: 1543444144 63043311
EventMatch returned 0
EventMatch: 1543444144 63043311
Added event J0A1 with value 128.000000 at 4421 to 4
EventMatch: 1543444144 63043311
EventMatch returned 0
EventMatch: 1543444144 63043311
Added event J0A2 with value 128.000000 at 4421 to 5
EventMatch: 1543444144 63043311
EventMatch returned 0
EventMatch: 1543444144 63043311
Added event J0A3 with value 128.000000 at 4421 to 6
AddBlit: 0 0 0 0 0.000000 0 | 1
MainFrame: 1 Split: 698 FPS: 1.000000
AddBlit: 0 0 0 0 0.000000 0 | 1
MainFrame: 2 Split: 29 FPS: 34.000000
AddBlit: 0 0 0 0 0.000000 0 | 1
MainFrame: 3 Split: 15 FPS: 66.000000
AddBlit: 0 0 0 0 0.000000 0 | 1
MainFrame: 4 Split: 4 FPS: 250.000000
AddBlit: 0 0 0 0 0.000000 0 | 1
MainFrame: 5 Split: 3 FPS: 333.000000
AddBlit: 0 0 0 0 0.000000 0 | 1
MainFrame: 6 Split: 4 FPS: 250.000000
AddBlit: 0 0 0 0 0.000000 0 | 1
MainFrame: 7 Split: 3 FPS: 333.000000
AddBlit: 0 0 0 0 0.000000 0 | 1
MainFrame: 8 Split: 4 FPS: 250.000000
AddBlit: 0 0 0 0 0.000000 0 | 1
MainFrame: 9 Split: 9 FPS: 111.000000
AddBlit: 0 0 0 0 0.000000 0 | 1
MainFrame: 10 Split: 5 FPS: 200.000000
AddBlit: 0 0 0 0 0.000000 0 | 1
MainFrame: 11 Split: 3 FPS: 333.000000
AddBlit: 0 0 0 0 0.000000 0 | 1
MainFrame: 12 Split: 3 FPS: 333.000000
AddBlit: 0 0 0 0 0.000000 0 | 1
MainFrame: 13 Split: 1 FPS: 1000.000000
AddBlit: 0 0 0 0 0.000000 0 | 1
MainFrame: 14 Split: 9 FPS: 111.000000
AddBlit: 0 0 0 0 0.000000 0 | 1
MainFrame: 15 Split: 2 FPS: 500.000000
AddBlit: 0 0 0 0 0.000000 0 | 1
MainFrame: 16 Split: 14 FPS: 71.000000
AddBlit: 0 0 0 0 0.000000 0 | 1
MainFrame: 17 Split: 1 FPS: 1000.000000
AddBlit: 0 0 0 0 0.000000 0 | 1
MainFrame: 18 Split: 14 FPS: 71.000000
AddBlit: 0 0 0 0 0.000000 0 | 1
MainFrame: 19 Split: 1 FPS: 1000.000000
AddBlit: 0 0 0 0 0.000000 0 | 1
MainFrame: 20 Split: 12 FPS: 83.000000
AddBlit: 0 0 0 0 0.000000 0 | 1
MainFrame: 21 Split: 17 FPS: 58.000000
AddBlit: 0 0 0 0 0.000000 0 | 1
MainFrame: 22 Split: 19 FPS: 52.000000
AddBlit: 0 0 0 0 0.000000 0 | 1
MainFrame: 23 Split: 16 FPS: 62.000000
EventMatch: 1543444144 63043311
EventMatch returned 0
EventMatch: 1543444144 63043311
EventMatch: 1543444144 63043311
EventMatch returned 0
EventMatch: 1543444144 63043311
EventMatch: 1543444144 63043311
EventMatch returned 0
EventMatch: 1543444144 63043311
AddBlit: 0 0 0 0 0.000000 0 | 1
MainFrame: 24 Split: 18 FPS: 55.000000
EventMatch: 1543444144 63043311
EventMatch returned 0
EventMatch: 1543444144 63043311
AddBlit: 0 0 0 0 0.000000 0 | 1
MainFrame: 25 Split: 32 FPS: 31.000000
AddBlit: 0 0 0 0 0.000000 0 | 1
MainFrame: 26 Split: 1 FPS: 1000.000000
EventMatch: 1543444144 63043311
EventMatch returned 0
EventMatch: 1543444144 63043311
AddBlit: 0 0 0 0 0.000000 0 | 1
MainFrame: 27 Split: 12 FPS: 83.000000
AddBlit: 0 0 0 0 0.000000 0 | 1
MainFrame: 28 Split: 20 FPS: 50.000000
EventMatch: 1543444144 63043311
EventMatch returned 0
EventMatch: 1543444144 63043311
AddBlit: 0 0 0 0 0.000000 0 | 1
MainFrame: 29 Split: 7 FPS: 142.000000
AddBlit: 0 0 0 0 0.000000 0 | 1
MainFrame: 30 Split: 16 FPS: 62.000000
EventMatch: 1543444144 63043311
EventMatch returned 0
EventMatch: 1543444144 63043311
EventMatch: 1543444144 63043311
EventMatch returned 0
EventMatch: 1543444144 63043311
AddBlit: 0 0 0 0 0.000000 0 | 1
MainFrame: 31 Split: 16 FPS: 62.000000
AddBlit: 0 0 0 0 0.000000 0 | 1
MainFrame: 32 Split: 16 FPS: 62.000000
EventMatch: 1543444144 63043311
EventMatch returned 0
EventMatch: 1543444144 63043311
EventMatch: 1543444144 63043311
EventMatch returned 0
EventMatch: 1543444144 63043311
AddBlit: 0 0 0 0 0.000000 0 | 1
MainFrame: 33 Split: 18 FPS: 55.000000
EventMatch: 1543444144 63043311
EventMatch returned 0
EventMatch: 1543444144 63043311
AddBlit: 0 0 0 0 0.000000 0 | 1
MainFrame: 34 Split: 15 FPS: 66.000000
AddBlit: 0 0 0 0 0.000000 0 | 1
MainFrame: 35 Split: 33 FPS: 30.000000
EventMatch: 1543444144 63043311
EventMatch returned 0
EventMatch: 1543444144 63043311
EventMatch: 1543444144 63043311
EventMatch returned 0
EventMatch: 1543444144 63043311
AddBlit: 0 0 0 0 0.000000 0 | 1
MainFrame: 36 Split: 4 FPS: 250.000000
AddBlit: 0 0 0 0 0.000000 0 | 1
MainFrame: 37 Split: 4 FPS: 250.000000
AddBlit: 0 0 0 0 0.000000 0 | 1
MainFrame: 38 Split: 3 FPS: 333.000000
AddBlit: 0 0 0 0 0.000000 0 | 1
MainFrame: 39 Split: 3 FPS: 333.000000
AddBlit: 0 0 0 0 0.000000 0 | 1
MainFrame: 40 Split: 3 FPS: 333.000000
EventMatch: 1543444144 63043311
EventMatch returned 0
EventMatch: 1543444144 63043311
AddBlit: 0 0 0 0 0.000000 0 | 1
MainFrame: 41 Split: 3 FPS: 333.000000
AddBlit: 0 0 0 0 0.000000 0 | 1
MainFrame: 42 Split: 5 FPS: 200.000000
AddBlit: 0 0 0 0 0.000000 0 | 1
MainFrame: 43 Split: 3 FPS: 333.000000
AddBlit: 0 0 0 0 0.000000 0 | 1
MainFrame: 44 Split: 3 FPS: 333.000000
AddBlit: 0 0 0 0 0.000000 0 | 1
MainFrame: 45 Split: 4 FPS: 250.000000
EventMatch: 1543444144 63043311
EventMatch returned 0
EventMatch: 1543444144 63043311
AddBlit: 0 0 0 0 0.000000 0 | 1
MainFrame: 46 Split: 3 FPS: 333.000000
AddBlit: 0 0 0 0 0.000000 0 | 1
MainFrame: 47 Split: 3 FPS: 333.000000
AddBlit: 0 0 0 0 0.000000 0 | 1
MainFrame: 48 Split: 3 FPS: 333.000000
AddBlit: 0 0 0 0 0.000000 0 | 1
MainFrame: 49 Split: 4 FPS: 250.000000
AddBlit: 0 0 0 0 0.000000 0 | 1
MainFrame: 50 Split: 4 FPS: 250.000000
EventMatch: 1543444144 63043311
EventMatch returned 0
EventMatch: 1543444144 63043311
AddBlit: 0 0 0 0 0.000000 0 | 1
MainFrame: 51 Split: 3 FPS: 333.000000
AddBlit: 0 0 0 0 0.000000 0 | 1
MainFrame: 52 Split: 3 FPS: 333.000000
AddBlit: 0 0 0 0 0.000000 0 | 1
MainFrame: 53 Split: 3 FPS: 333.000000
AddBlit: 0 0 0 0 0.000000 0 | 1
MainFrame: 54 Split: 3 FPS: 333.000000
AddBlit: 0 0 0 0 0.000000 0 | 1
MainFrame: 55 Split: 3 FPS: 333.000000
EventMatch: 1543444144 63043311
EventMatch returned 0
EventMatch: 1543444144 63043311
AddBlit: 0 0 0 0 0.000000 0 | 1
MainFrame: 56 Split: 3 FPS: 333.000000
AddBlit: 0 0 0 0 0.000000 0 | 1
MainFrame: 57 Split: 4 FPS: 250.000000
AddBlit: 0 0 0 0 0.000000 0 | 1
MainFrame: 58 Split: 3 FPS: 333.000000
AddBlit: 0 0 0 0 0.000000 0 | 1
MainFrame: 59 Split: 3 FPS: 333.000000
AddBlit: 0 0 0 0 0.000000 0 | 1
MainFrame: 60 Split: 3 FPS: 333.000000
EventMatch: 1543444144 63043311
EventMatch returned 0
EventMatch: 1543444144 63043311
AddBlit: 0 0 0 0 0.000000 0 | 1
MainFrame: 61 Split: 3 FPS: 333.000000
AddBlit: 0 0 0 0 0.000000 0 | 1
MainFrame: 62 Split: 4 FPS: 250.000000
AddBlit: 0 0 0 0 0.000000 0 | 1
MainFrame: 63 Split: 3 FPS: 333.000000
AddBlit: 0 0 0 0 0.000000 0 | 1
MainFrame: 64 Split: 3 FPS: 333.000000
AddBlit: 0 0 0 0 0.000000 0 | 1
MainFrame: 65 Split: 3 FPS: 333.000000
EventMatch: 1543444144 63043311
EventMatch returned 0
EventMatch: 1543444144 63043311
AddBlit: 0 0 0 0 0.000000 0 | 1
MainFrame: 66 Split: 2 FPS: 500.000000
AddBlit: 0 0 0 0 0.000000 0 | 1
MainFrame: 67 Split: 4 FPS: 250.000000
AddBlit: 0 0 0 0 0.000000 0 | 1
MainFrame: 68 Split: 3 FPS: 333.000000
AddBlit: 0 0 0 0 0.000000 0 | 1
MainFrame: 69 Split: 3 FPS: 333.000000
AddBlit: 0 0 0 0 0.000000 0 | 1
MainFrame: 70 Split: 3 FPS: 333.000000
EventMatch: 1543444144 63043311
EventMatch returned 0
EventMatch: 1543444144 63043311
AddBlit: 0 0 0 0 0.000000 0 | 1
MainFrame: 71 Split: 2 FPS: 500.000000
AddBlit: 0 0 0 0 0.000000 0 | 1
MainFrame: 72 Split: 3 FPS: 333.000000
AddBlit: 0 0 0 0 0.000000 0 | 1
MainFrame: 73 Split: 3 FPS: 333.000000
AddBlit: 0 0 0 0 0.000000 0 | 1
MainFrame: 74 Split: 3 FPS: 333.000000
AddBlit: 0 0 0 0 0.000000 0 | 1
MainFrame: 75 Split: 3 FPS: 333.000000
AddBlit: 0 0 0 0 0.000000 0 | 1
MainFrame: 76 Split: 2 FPS: 500.000000
EventMatch: 1543444144 63043311
EventMatch returned 0
EventMatch: 1543444144 63043311
AddBlit: 0 0 0 0 0.000000 0 | 1
MainFrame: 77 Split: 3 FPS: 333.000000
AddBlit: 0 0 0 0 0.000000 0 | 1
MainFrame: 78 Split: 3 FPS: 333.000000
AddBlit: 0 0 0 0 0.000000 0 | 1
MainFrame: 79 Split: 3 FPS: 333.000000
AddBlit: 0 0 0 0 0.000000 0 | 1
MainFrame: 80 Split: 4 FPS: 250.000000
AddBlit: 0 0 0 0 0.000000 0 | 1
MainFrame: 81 Split: 3 FPS: 333.000000
AddBlit: 0 0 0 0 0.000000 0 | 1
MainFrame: 82 Split: 4 FPS: 250.000000
AddBlit: 0 0 0 0 0.000000 0 | 1
MainFrame: 83 Split: 6 FPS: 166.000000
AddBlit: 0 0 0 0 0.000000 0 | 1
MainFrame: 84 Split: 3 FPS: 333.000000
AddBlit: 0 0 0 0 0.000000 0 | 1
MainFrame: 85 Split: 3 FPS: 333.000000
AddBlit: 0 0 0 0 0.000000 0 | 1
MainFrame: 86 Split: 3 FPS: 333.000000
AddBlit: 0 0 0 0 0.000000 0 | 1
MainFrame: 87 Split: 4 FPS: 250.000000
EventMatch: 1543444144 63043311
EventMatch returned 0
EventMatch: 1543444144 63043311
AddBlit: 0 0 0 0 0.000000 0 | 1
MainFrame: 88 Split: 2 FPS: 500.000000
AddBlit: 0 0 0 0 0.000000 0 | 1
MainFrame: 89 Split: 3 FPS: 333.000000
AddBlit: 0 0 0 0 0.000000 0 | 1
MainFrame: 90 Split: 3 FPS: 333.000000
AddBlit: 0 0 0 0 0.000000 0 | 1
MainFrame: 91 Split: 3 FPS: 333.000000
AddBlit: 0 0 0 0 0.000000 0 | 1
MainFrame: 92 Split: 3 FPS: 333.000000
AddBlit: 0 0 0 0 0.000000 0 | 1
MainFrame: 93 Split: 3 FPS: 333.000000
AddBlit: 0 0 0 0 0.000000 0 | 1
MainFrame: 94 Split: 3 FPS: 333.000000
AddBlit: 0 0 0 0 0.000000 0 | 1
MainFrame: 95 Split: 3 FPS: 333.000000
AddBlit: 0 0 0 0 0.000000 0 | 1
MainFrame: 96 Split: 3 FPS: 333.000000
AddBlit: 0 0 0 0 0.000000 0 | 1
MainFrame: 97 Split: 3 FPS: 333.000000
AddBlit: 0 0 0 0 0.000000 0 | 1
MainFrame: 98 Split: 3 FPS: 333.000000
AddBlit: 0 0 0 0 0.000000 0 | 1
MainFrame: 99 Split: 3 FPS: 333.000000
AddBlit: 0 0 0 0 0.000000 0 | 1
MainFrame: 100 Split: 4 FPS: 250.000000
AddBlit: 0 0 0 0 0.000000 0 | 1
MainFrame: 101 Split: 3 FPS: 333.000000
AddBlit: 0 0 0 0 0.000000 0 | 1
MainFrame: 102 Split: 3 FPS: 333.000000
AddBlit: 0 0 0 0 0.000000 0 | 1
MainFrame: 103 Split: 3 FPS: 333.000000
AddBlit: 0 0 0 0 0.000000 0 | 1
MainFrame: 104 Split: 3 FPS: 333.000000
AddBlit: 0 0 0 0 0.000000 0 | 1
MainFrame: 105 Split: 4 FPS: 250.000000
AddBlit: 0 0 0 0 0.000000 0 | 1
MainFrame: 106 Split: 3 FPS: 333.000000
AddBlit: 0 0 0 0 0.000000 0 | 1
MainFrame: 107 Split: 0 FPS: 1000.000000
AddBlit: 0 0 0 0 0.000000 0 | 1
MainFrame: 108 Split: 13 FPS: 76.000000
AddBlit: 0 0 0 0 0.000000 0 | 1
MainFrame: 109 Split: 4 FPS: 250.000000
AddBlit: 0 0 0 0 0.000000 0 | 1
MainFrame: 110 Split: 3 FPS: 333.000000
AddBlit: 0 0 0 0 0.000000 0 | 1
MainFrame: 111 Split: 3 FPS: 333.000000
AddBlit: 0 0 0 0 0.000000 0 | 1
MainFrame: 112 Split: 3 FPS: 333.000000
AddBlit: 0 0 0 0 0.000000 0 | 1
MainFrame: 113 Split: 3 FPS: 333.000000
AddBlit: 0 0 0 0 0.000000 0 | 1
MainFrame: 114 Split: 3 FPS: 333.000000
AddBlit: 0 0 0 0 0.000000 0 | 1
MainFrame: 115 Split: 4 FPS: 250.000000
AddBlit: 0 0 0 0 0.000000 0 | 1
MainFrame: 116 Split: 3 FPS: 333.000000
AddBlit: 0 0 0 0 0.000000 0 | 1
MainFrame: 117 Split: 3 FPS: 333.000000
AddBlit: 0 0 0 0 0.000000 0 | 1
MainFrame: 118 Split: 3 FPS: 333.000000
AddBlit: 0 0 0 0 0.000000 0 | 1
MainFrame: 119 Split: 3 FPS: 333.000000
AddBlit: 0 0 0 0 0.000000 0 | 1
MainFrame: 120 Split: 3 FPS: 333.000000
AddBlit: 0 0 0 0 0.000000 0 | 1
MainFrame: 121 Split: 3 FPS: 333.000000
AddBlit: 0 0 0 0 0.000000 0 | 1
MainFrame: 122 Split: 3 FPS: 333.000000
AddBlit: 0 0 0 0 0.000000 0 | 1
MainFrame: 123 Split: 3 FPS: 333.000000
AddBlit: 0 0 0 0 0.000000 0 | 1
MainFrame: 124 Split: 4 FPS: 250.000000
AddBlit: 0 0 0 0 0.000000 0 | 1
MainFrame: 125 Split: 3 FPS: 333.000000
AddBlit: 0 0 0 0 0.000000 0 | 1
MainFrame: 126 Split: 3 FPS: 333.000000
AddBlit: 0 0 0 0 0.000000 0 | 1
MainFrame: 127 Split: 0 FPS: 1000.000000
AddBlit: 0 0 0 0 0.000000 0 | 1
MainFrame: 128 Split: 24 FPS: 41.000000
AddBlit: 0 0 0 0 0.000000 0 | 1
MainFrame: 129 Split: 3 FPS: 333.000000
AddBlit: 0 0 0 0 0.000000 0 | 1
MainFrame: 130 Split: 3 FPS: 333.000000
AddBlit: 0 0 0 0 0.000000 0 | 1
MainFrame: 131 Split: 3 FPS: 333.000000
AddBlit: 0 0 0 0 0.000000 0 | 1
MainFrame: 132 Split: 3 FPS: 333.000000
AddBlit: 0 0 0 0 0.000000 0 | 1
MainFrame: 133 Split: 3 FPS: 333.000000
AddBlit: 0 0 0 0 0.000000 0 | 1
MainFrame: 134 Split: 3 FPS: 333.000000
AddBlit: 0 0 0 0 0.000000 0 | 1
MainFrame: 135 Split: 3 FPS: 333.000000
AddBlit: 0 0 0 0 0.000000 0 | 1
MainFrame: 136 Split: 3 FPS: 333.000000
AddBlit: 0 0 0 0 0.000000 0 | 1
MainFrame: 137 Split: 3 FPS: 333.000000
AddBlit: 0 0 0 0 0.000000 0 | 1
MainFrame: 138 Split: 3 FPS: 333.000000
AddBlit: 0 0 0 0 0.000000 0 | 1
MainFrame: 139 Split: 3 FPS: 333.000000
AddBlit: 0 0 0 0 0.000000 0 | 1
MainFrame: 140 Split: 3 FPS: 333.000000
AddBlit: 0 0 0 0 0.000000 0 | 1
MainFrame: 141 Split: 3 FPS: 333.000000
AddBlit: 0 0 0 0 0.000000 0 | 1
MainFrame: 142 Split: 3 FPS: 333.000000
AddBlit: 0 0 0 0 0.000000 0 | 1
MainFrame: 143 Split: 3 FPS: 333.000000
AddBlit: 0 0 0 0 0.000000 0 | 1
MainFrame: 144 Split: 3 FPS: 333.000000
AddBlit: 0 0 0 0 0.000000 0 | 1
MainFrame: 145 Split: 3 FPS: 333.000000
AddBlit: 0 0 0 0 0.000000 0 | 1
MainFrame: 146 Split: 3 FPS: 333.000000
AddBlit: 0 0 0 0 0.000000 0 | 1
MainFrame: 147 Split: 3 FPS: 333.000000
AddBlit: 0 0 0 0 0.000000 0 | 1
MainFrame: 148 Split: 3 FPS: 333.000000
AddBlit: 0 0 0 0 0.000000 0 | 1
MainFrame: 149 Split: 3 FPS: 333.000000
AddBlit: 0 0 0 0 0.000000 0 | 1
MainFrame: 150 Split: 3 FPS: 333.000000
AddBlit: 0 0 0 0 0.000000 0 | 1
MainFrame: 151 Split: 4 FPS: 250.000000
AddBlit: 0 0 0 0 0.000000 0 | 1
MainFrame: 152 Split: 3 FPS: 333.000000
AddBlit: 0 0 0 0 0.000000 0 | 1
MainFrame: 153 Split: 3 FPS: 333.000000
AddBlit: 0 0 0 0 0.000000 0 | 1
MainFrame: 154 Split: 3 FPS: 333.000000
AddBlit: 0 0 0 0 0.000000 0 | 1
MainFrame: 155 Split: 3 FPS: 333.000000
AddBlit: 0 0 0 0 0.000000 0 | 1
MainFrame: 156 Split: 3 FPS: 333.000000
AddBlit: 0 0 0 0 0.000000 0 | 1
MainFrame: 157 Split: 3 FPS: 333.000000
AddBlit: 0 0 0 0 0.000000 0 | 1
MainFrame: 158 Split: 3 FPS: 333.000000
AddBlit: 0 0 0 0 0.000000 0 | 1
MainFrame: 159 Split: 3 FPS: 333.000000
AddBlit: 0 0 0 0 0.000000 0 | 1
MainFrame: 160 Split: 2 FPS: 500.000000
AddBlit: 0 0 0 0 0.000000 0 | 1
MainFrame: 161 Split: 4 FPS: 250.000000
AddBlit: 0 0 0 0 0.000000 0 | 1
MainFrame: 162 Split: 3 FPS: 333.000000
AddBlit: 0 0 0 0 0.000000 0 | 1
MainFrame: 163 Split: 3 FPS: 333.000000
AddBlit: 0 0 0 0 0.000000 0 | 1
MainFrame: 164 Split: 3 FPS: 333.000000
AddBlit: 0 0 0 0 0.000000 0 | 1
MainFrame: 165 Split: 3 FPS: 333.000000
AddBlit: 0 0 0 0 0.000000 0 | 1
MainFrame: 166 Split: 3 FPS: 333.000000
AddBlit: 0 0 0 0 0.000000 0 | 1
MainFrame: 167 Split: 3 FPS: 333.000000
AddBlit: 0 0 0 0 0.000000 0 | 1
MainFrame: 168 Split: 3 FPS: 333.000000
AddBlit: 0 0 0 0 0.000000 0 | 1
MainFrame: 169 Split: 3 FPS: 333.000000
AddBlit: 0 0 0 0 0.000000 0 | 1
MainFrame: 170 Split: 3 FPS: 333.000000
AddBlit: 0 0 0 0 0.000000 0 | 1
MainFrame: 171 Split: 3 FPS: 333.000000
AddBlit: 0 0 0 0 0.000000 0 | 1
MainFrame: 172 Split: 2 FPS: 500.000000
AddBlit: 0 0 0 0 0.000000 0 | 1
MainFrame: 173 Split: 3 FPS: 333.000000
AddBlit: 0 0 0 0 0.000000 0 | 1
MainFrame: 174 Split: 3 FPS: 333.000000
AddBlit: 0 0 0 0 0.000000 0 | 1
MainFrame: 175 Split: 3 FPS: 333.000000
AddBlit: 0 0 0 0 0.000000 0 | 1
MainFrame: 176 Split: 3 FPS: 333.000000
AddBlit: 0 0 0 0 0.000000 0 | 1
MainFrame: 177 Split: 3 FPS: 333.000000
AddBlit: 0 0 0 0 0.000000 0 | 1
MainFrame: 178 Split: 3 FPS: 333.000000
AddBlit: 0 0 0 0 0.000000 0 | 1
MainFrame: 179 Split: 3 FPS: 333.000000
AddBlit: 0 0 0 0 0.000000 0 | 1
MainFrame: 180 Split: 3 FPS: 333.000000
AddBlit: 0 0 0 0 0.000000 0 | 1
MainFrame: 181 Split: 3 FPS: 333.000000
AddBlit: 0 0 0 0 0.000000 0 | 1
MainFrame: 182 Split: 3 FPS: 333.000000
AddBlit: 0 0 0 0 0.000000 0 | 1
MainFrame: 183 Split: 3 FPS: 333.000000
AddBlit: 0 0 0 0 0.000000 0 | 1
MainFrame: 184 Split: 3 FPS: 333.000000
AddBlit: 0 0 0 0 0.000000 0 | 1
MainFrame: 185 Split: 3 FPS: 333.000000
AddBlit: 0 0 0 0 0.000000 0 | 1
MainFrame: 186 Split: 3 FPS: 333.000000
AddBlit: 0 0 0 0 0.000000 0 | 1
MainFrame: 187 Split: 3 FPS: 333.000000
AddBlit: 0 0 0 0 0.000000 0 | 1
MainFrame: 188 Split: 3 FPS: 333.000000
AddBlit: 0 0 0 0 0.000000 0 | 1
MainFrame: 189 Split: 3 FPS: 333.000000
AddBlit: 0 0 0 0 0.000000 0 | 1
MainFrame: 190 Split: 3 FPS: 333.000000
AddBlit: 0 0 0 0 0.000000 0 | 1
MainFrame: 191 Split: 3 FPS: 333.000000
AddBlit: 0 0 0 0 0.000000 0 | 1
MainFrame: 192 Split: 3 FPS: 333.000000
AddBlit: 0 0 0 0 0.000000 0 | 1
MainFrame: 193 Split: 3 FPS: 333.000000
AddBlit: 0 0 0 0 0.000000 0 | 1
MainFrame: 194 Split: 3 FPS: 333.000000
AddBlit: 0 0 0 0 0.000000 0 | 1
MainFrame: 195 Split: 3 FPS: 333.000000
AddBlit: 0 0 0 0 0.000000 0 | 1
MainFrame: 196 Split: 3 FPS: 333.000000
AddBlit: 0 0 0 0 0.000000 0 | 1
MainFrame: 197 Split: 3 FPS: 333.000000
AddBlit: 0 0 0 0 0.000000 0 | 1
MainFrame: 198 Split: 3 FPS: 333.000000
AddBlit: 0 0 0 0 0.000000 0 | 1
MainFrame: 199 Split: 3 FPS: 333.000000
AddBlit: 0 0 0 0 0.000000 0 | 1
MainFrame: 200 Split: 3 FPS: 333.000000
AddBlit: 0 0 0 0 0.000000 0 | 1
MainFrame: 201 Split: 3 FPS: 333.000000
AddBlit: 0 0 0 0 0.000000 0 | 1
MainFrame: 202 Split: 4 FPS: 250.000000
AddBlit: 0 0 0 0 0.000000 0 | 1
MainFrame: 203 Split: 0 FPS: 1000.000000
AddBlit: 0 0 0 0 0.000000 0 | 1
MainFrame: 204 Split: 21 FPS: 47.000000
AddBlit: 0 0 0 0 0.000000 0 | 1
MainFrame: 205 Split: 6 FPS: 166.000000
AddBlit: 0 0 0 0 0.000000 0 | 1
MainFrame: 206 Split: 2 FPS: 500.000000
AddBlit: 0 0 0 0 0.000000 0 | 1
MainFrame: 207 Split: 1 FPS: 1000.000000
AddBlit: 0 0 0 0 0.000000 0 | 1
MainFrame: 208 Split: 2 FPS: 500.000000
AddBlit: 0 0 0 0 0.000000 0 | 1
MainFrame: 209 Split: 2 FPS: 500.000000
AddBlit: 0 0 0 0 0.000000 0 | 1
MainFrame: 210 Split: 10 FPS: 100.000000
AddBlit: 0 0 0 0 0.000000 0 | 1
MainFrame: 211 Split: 2 FPS: 500.000000
AddBlit: 0 0 0 0 0.000000 0 | 1
MainFrame: 212 Split: 2 FPS: 500.000000
AddBlit: 0 0 0 0 0.000000 0 | 1
MainFrame: 213 Split: 1 FPS: 1000.000000
AddBlit: 0 0 0 0 0.000000 0 | 1
MainFrame: 214 Split: 2 FPS: 500.000000
AddBlit: 0 0 0 0 0.000000 0 | 1
MainFrame: 215 Split: 10 FPS: 100.000000
AddBlit: 0 0 0 0 0.000000 0 | 1
MainFrame: 216 Split: 1 FPS: 1000.000000
AddBlit: 0 0 0 0 0.000000 0 | 1
MainFrame: 217 Split: 2 FPS: 500.000000
AddBlit: 0 0 0 0 0.000000 0 | 1
MainFrame: 218 Split: 2 FPS: 500.000000
AddBlit: 0 0 0 0 0.000000 0 | 1
MainFrame: 219 Split: 2 FPS: 500.000000
AddBlit: 0 0 0 0 0.000000 0 | 1
MainFrame: 220 Split: 10 FPS: 100.000000
AddBlit: 0 0 0 0 0.000000 0 | 1
MainFrame: 221 Split: 1 FPS: 1000.000000
AddBlit: 0 0 0 0 0.000000 0 | 1
MainFrame: 222 Split: 1 FPS: 1000.000000
AddBlit: 0 0 0 0 0.000000 0 | 1
MainFrame: 223 Split: 2 FPS: 500.000000
AddBlit: 0 0 0 0 0.000000 0 | 1
MainFrame: 224 Split: 2 FPS: 500.000000
AddBlit: 0 0 0 0 0.000000 0 | 1
MainFrame: 225 Split: 10 FPS: 100.000000
AddBlit: 0 0 0 0 0.000000 0 | 1
MainFrame: 226 Split: 2 FPS: 500.000000
AddBlit: 0 0 0 0 0.000000 0 | 1
MainFrame: 227 Split: 2 FPS: 500.000000
AddBlit: 0 0 0 0 0.000000 0 | 1
MainFrame: 228 Split: 2 FPS: 500.000000
AddBlit: 0 0 0 0 0.000000 0 | 1
MainFrame: 229 Split: 10 FPS: 100.000000
AddBlit: 0 0 0 0 0.000000 0 | 1
MainFrame: 230 Split: 2 FPS: 500.000000
AddBlit: 0 0 0 0 0.000000 0 | 1
MainFrame: 231 Split: 2 FPS: 500.000000
AddBlit: 0 0 0 0 0.000000 0 | 1
MainFrame: 232 Split: 1 FPS: 1000.000000
AddBlit: 0 0 0 0 0.000000 0 | 1
MainFrame: 233 Split: 1 FPS: 1000.000000
AddBlit: 0 0 0 0 0.000000 0 | 1
MainFrame: 234 Split: 11 FPS: 90.000000
AddBlit: 0 0 0 0 0.000000 0 | 1
MainFrame: 235 Split: 1 FPS: 1000.000000
AddBlit: 0 0 0 0 0.000000 0 | 1
MainFrame: 236 Split: 1 FPS: 1000.000000
AddBlit: 0 0 0 0 0.000000 0 | 1
MainFrame: 237 Split: 2 FPS: 500.000000
AddBlit: 0 0 0 0 0.000000 0 | 1
MainFrame: 238 Split: 3 FPS: 333.000000
AddBlit: 0 0 0 0 0.000000 0 | 1
MainFrame: 239 Split: 0 FPS: 1000.000000
AddBlit: 0 0 0 0 0.000000 0 | 1
MainFrame: 240 Split: 15 FPS: 66.000000
AddBlit: 0 0 0 0 0.000000 0 | 1
MainFrame: 241 Split: 10 FPS: 100.000000
AddBlit: 0 0 0 0 0.000000 0 | 1
MainFrame: 242 Split: 1 FPS: 1000.000000
AddBlit: 0 0 0 0 0.000000 0 | 1
MainFrame: 243 Split: 2 FPS: 500.000000
AddBlit: 0 0 0 0 0.000000 0 | 1
MainFrame: 244 Split: 2 FPS: 500.000000
AddBlit: 0 0 0 0 0.000000 0 | 1
MainFrame: 245 Split: 11 FPS: 90.000000
AddBlit: 0 0 0 0 0.000000 0 | 1
MainFrame: 246 Split: 0 FPS: 1000.000000
AddBlit: 0 0 0 0 0.000000 0 | 1
MainFrame: 247 Split: 23 FPS: 43.000000
AddBlit: 0 0 0 0 0.000000 0 | 1
MainFrame: 248 Split: 3 FPS: 333.000000
AddBlit: 0 0 0 0 0.000000 0 | 1
MainFrame: 249 Split: 9 FPS: 111.000000
AddBlit: 0 0 0 0 0.000000 0 | 1
MainFrame: 250 Split: 2 FPS: 500.000000
AddBlit: 0 0 0 0 0.000000 0 | 1
MainFrame: 251 Split: 2 FPS: 500.000000
AddBlit: 0 0 0 0 0.000000 0 | 1
MainFrame: 252 Split: 2 FPS: 500.000000
AddBlit: 0 0 0 0 0.000000 0 | 1
MainFrame: 253 Split: 11 FPS: 90.000000
AddBlit: 0 0 0 0 0.000000 0 | 1
MainFrame: 254 Split: 0 FPS: 1000.000000
AddBlit: 0 0 0 0 0.000000 0 | 1
MainFrame: 255 Split: 21 FPS: 47.000000
AddBlit: 0 0 0 0 0.000000 0 | 1
MainFrame: 256 Split: 2 FPS: 500.000000
AddBlit: 0 0 0 0 0.000000 0 | 1
MainFrame: 257 Split: 3 FPS: 333.000000
AddBlit: 0 0 0 0 0.000000 0 | 1
MainFrame: 258 Split: 9 FPS: 111.000000
AddBlit: 0 0 0 0 0.000000 0 | 1
MainFrame: 259 Split: 14 FPS: 71.000000
AddBlit: 0 0 0 0 0.000000 0 | 1
MainFrame: 260 Split: 1 FPS: 1000.000000
AddBlit: 0 0 0 0 0.000000 0 | 1
MainFrame: 261 Split: 2 FPS: 500.000000
AddBlit: 0 0 0 0 0.000000 0 | 1
MainFrame: 262 Split: 10 FPS: 100.000000
AddBlit: 0 0 0 0 0.000000 0 | 1
MainFrame: 263 Split: 1 FPS: 1000.000000
AddBlit: 0 0 0 0 0.000000 0 | 1
MainFrame: 264 Split: 2 FPS: 500.000000
AddBlit: 0 0 0 0 0.000000 0 | 1
MainFrame: 265 Split: 2 FPS: 500.000000
AddBlit: 0 0 0 0 0.000000 0 | 1
MainFrame: 266 Split: 2 FPS: 500.000000
AddBlit: 0 0 0 0 0.000000 0 | 1
MainFrame: 267 Split: 10 FPS: 100.000000
AddBlit: 0 0 0 0 0.000000 0 | 1
MainFrame: 268 Split: 2 FPS: 500.000000
AddBlit: 0 0 0 0 0.000000 0 | 1
MainFrame: 269 Split: 1 FPS: 1000.000000
AddBlit: 0 0 0 0 0.000000 0 | 1
MainFrame: 270 Split: 1 FPS: 1000.000000
AddBlit: 0 0 0 0 0.000000 0 | 1
MainFrame: 271 Split: 2 FPS: 500.000000
AddBlit: 0 0 0 0 0.000000 0 | 1
MainFrame: 272 Split: 10 FPS: 100.000000
AddBlit: 0 0 0 0 0.000000 0 | 1
MainFrame: 273 Split: 2 FPS: 500.000000
AddBlit: 0 0 0 0 0.000000 0 | 1
MainFrame: 274 Split: 2 FPS: 500.000000
AddBlit: 0 0 0 0 0.000000 0 | 1
MainFrame: 275 Split: 1 FPS: 1000.000000
AddBlit: 0 0 0 0 0.000000 0 | 1
MainFrame: 276 Split: 2 FPS: 500.000000
AddBlit: 0 0 0 0 0.000000 0 | 1
MainFrame: 277 Split: 1 FPS: 1000.000000
AddBlit: 0 0 0 0 0.000000 0 | 1
MainFrame: 278 Split: 42 FPS: 23.000000
AddBlit: 0 0 0 0 0.000000 0 | 1
MainFrame: 279 Split: 3 FPS: 333.000000
AddBlit: 0 0 0 0 0.000000 0 | 1
MainFrame: 280 Split: 1 FPS: 1000.000000
AddBlit: 0 0 0 0 0.000000 0 | 1
MainFrame: 281 Split: 2 FPS: 500.000000
AddBlit: 0 0 0 0 0.000000 0 | 1
MainFrame: 282 Split: 2 FPS: 500.000000
AddBlit: 0 0 0 0 0.000000 0 | 1
MainFrame: 283 Split: 10 FPS: 100.000000
AddBlit: 0 0 0 0 0.000000 0 | 1
MainFrame: 284 Split: 2 FPS: 500.000000
AddBlit: 0 0 0 0 0.000000 0 | 1
MainFrame: 285 Split: 2 FPS: 500.000000
AddBlit: 0 0 0 0 0.000000 0 | 1
MainFrame: 286 Split: 2 FPS: 500.000000
AddBlit: 0 0 0 0 0.000000 0 | 1
MainFrame: 287 Split: 2 FPS: 500.000000
AddBlit: 0 0 0 0 0.000000 0 | 1
MainFrame: 288 Split: 10 FPS: 100.000000
AddBlit: 0 0 0 0 0.000000 0 | 1
MainFrame: 289 Split: 2 FPS: 500.000000
AddBlit: 0 0 0 0 0.000000 0 | 1
MainFrame: 290 Split: 1 FPS: 1000.000000
AddBlit: 0 0 0 0 0.000000 0 | 1
MainFrame: 291 Split: 2 FPS: 500.000000
AddBlit: 0 0 0 0 0.000000 0 | 1
MainFrame: 292 Split: 2 FPS: 500.000000
AddBlit: 0 0 0 0 0.000000 0 | 1
MainFrame: 293 Split: 10 FPS: 100.000000
AddBlit: 0 0 0 0 0.000000 0 | 1
MainFrame: 294 Split: 2 FPS: 500.000000
AddBlit: 0 0 0 0 0.000000 0 | 1
MainFrame: 295 Split: 1 FPS: 1000.000000
AddBlit: 0 0 0 0 0.000000 0 | 1
MainFrame: 296 Split: 1 FPS: 1000.000000
AddBlit: 0 0 0 0 0.000000 0 | 1
MainFrame: 297 Split: 2 FPS: 500.000000
AddBlit: 0 0 0 0 0.000000 0 | 1
MainFrame: 298 Split: 10 FPS: 100.000000
AddBlit: 0 0 0 0 0.000000 0 | 1
MainFrame: 299 Split: 2 FPS: 500.000000
AddBlit: 0 0 0 0 0.000000 0 | 1
MainFrame: 300 Split: 2 FPS: 500.000000
AddBlit: 0 0 0 0 0.000000 0 | 1
MainFrame: 301 Split: 1 FPS: 1000.000000
AddBlit: 0 0 0 0 0.000000 0 | 1
MainFrame: 302 Split: 2 FPS: 500.000000
AddBlit: 0 0 0 0 0.000000 0 | 1
MainFrame: 303 Split: 9 FPS: 111.000000
AddBlit: 0 0 0 0 0.000000 0 | 1
MainFrame: 304 Split: 2 FPS: 500.000000
AddBlit: 0 0 0 0 0.000000 0 | 1
MainFrame: 305 Split: 2 FPS: 500.000000
AddBlit: 0 0 0 0 0.000000 0 | 1
MainFrame: 306 Split: 2 FPS: 500.000000
AddBlit: 0 0 0 0 0.000000 0 | 1
MainFrame: 307 Split: 2 FPS: 500.000000
AddBlit: 0 0 0 0 0.000000 0 | 1
MainFrame: 308 Split: 10 FPS: 100.000000
EventMatch: 1543444144 63043311
EventMatch returned 0
EventMatch: 1543444144 63043311
Added event K227+0 with value 1.000000 at 6458 to 1
AddBlit: 0 0 0 0 0.000000 0 | 1
MainFrame: 309 Split: 2 FPS: 500.000000
AddBlit: 0 0 0 0 0.000000 0 | 1
MainFrame: 310 Split: 2 FPS: 500.000000
AddBlit: 0 0 0 0 0.000000 0 | 1
MainFrame: 311 Split: 1 FPS: 1000.000000
AddBlit: 0 0 0 0 0.000000 0 | 1
MainFrame: 312 Split: 11 FPS: 90.000000
AddBlit: 0 0 0 0 0.000000 0 | 1
MainFrame: 313 Split: 2 FPS: 500.000000
AddBlit: 0 0 0 0 0.000000 0 | 1
MainFrame: 314 Split: 1 FPS: 1000.000000
AddBlit: 0 0 0 0 0.000000 0 | 1
MainFrame: 315 Split: 1 FPS: 1000.000000
AddBlit: 0 0 0 0 0.000000 0 | 1
MainFrame: 316 Split: 2 FPS: 500.000000
AddBlit: 0 0 0 0 0.000000 0 | 1
MainFrame: 317 Split: 11 FPS: 90.000000
AddBlit: 0 0 0 0 0.000000 0 | 1
MainFrame: 318 Split: 2 FPS: 500.000000
AddBlit: 0 0 0 0 0.000000 0 | 1
MainFrame: 319 Split: 1 FPS: 1000.000000
AddBlit: 0 0 0 0 0.000000 0 | 1
MainFrame: 320 Split: 2 FPS: 500.000000
AddBlit: 0 0 0 0 0.000000 0 | 1
MainFrame: 321 Split: 2 FPS: 500.000000
AddBlit: 0 0 0 0 0.000000 0 | 1
MainFrame: 322 Split: 2 FPS: 500.000000
AddBlit: 0 0 0 0 0.000000 0 | 1
MainFrame: 323 Split: 8 FPS: 125.000000
AddBlit: 0 0 0 0 0.000000 0 | 1
MainFrame: 324 Split: 2 FPS: 500.000000
AddBlit: 0 0 0 0 0.000000 0 | 1
MainFrame: 325 Split: 2 FPS: 500.000000
AddBlit: 0 0 0 0 0.000000 0 | 1
MainFrame: 326 Split: 2 FPS: 500.000000
AddBlit: 0 0 0 0 0.000000 0 | 1
MainFrame: 327 Split: 1 FPS: 1000.000000
AddBlit: 0 0 0 0 0.000000 0 | 1
MainFrame: 328 Split: 2 FPS: 500.000000
AddBlit: 0 0 0 0 0.000000 0 | 1
MainFrame: 329 Split: 7 FPS: 142.000000
AddBlit: 0 0 0 0 0.000000 0 | 1
MainFrame: 330 Split: 2 FPS: 500.000000
AddBlit: 0 0 0 0 0.000000 0 | 1
MainFrame: 331 Split: 2 FPS: 500.000000
AddBlit: 0 0 0 0 0.000000 0 | 1
MainFrame: 332 Split: 2 FPS: 500.000000
AddBlit: 0 0 0 0 0.000000 0 | 1
MainFrame: 333 Split: 1 FPS: 1000.000000
AddBlit: 0 0 0 0 0.000000 0 | 1
MainFrame: 334 Split: 2 FPS: 500.000000
AddBlit: 0 0 0 0 0.000000 0 | 1
MainFrame: 335 Split: 8 FPS: 125.000000
AddBlit: 0 0 0 0 0.000000 0 | 1
MainFrame: 336 Split: 1 FPS: 1000.000000
AddBlit: 0 0 0 0 0.000000 0 | 1
MainFrame: 337 Split: 2 FPS: 500.000000
AddBlit: 0 0 0 0 0.000000 0 | 1
MainFrame: 338 Split: 2 FPS: 500.000000
AddBlit: 0 0 0 0 0.000000 0 | 1
MainFrame: 339 Split: 1 FPS: 1000.000000
AddBlit: 0 0 0 0 0.000000 0 | 1
MainFrame: 340 Split: 1 FPS: 1000.000000
AddBlit: 0 0 0 0 0.000000 0 | 1
MainFrame: 341 Split: 9 FPS: 111.000000
AddBlit: 0 0 0 0 0.000000 0 | 1
MainFrame: 342 Split: 1 FPS: 1000.000000
AddBlit: 0 0 0 0 0.000000 0 | 1
MainFrame: 343 Split: 2 FPS: 500.000000
AddBlit: 0 0 0 0 0.000000 0 | 1
MainFrame: 344 Split: 2 FPS: 500.000000
AddBlit: 0 0 0 0 0.000000 0 | 1
MainFrame: 345 Split: 1 FPS: 1000.000000
AddBlit: 0 0 0 0 0.000000 0 | 1
MainFrame: 346 Split: 1 FPS: 1000.000000
AddBlit: 0 0 0 0 0.000000 0 | 1
MainFrame: 347 Split: 9 FPS: 111.000000
AddBlit: 0 0 0 0 0.000000 0 | 1
MainFrame: 348 Split: 1 FPS: 1000.000000
AddBlit: 0 0 0 0 0.000000 0 | 1
MainFrame: 349 Split: 1 FPS: 1000.000000
AddBlit: 0 0 0 0 0.000000 0 | 1
MainFrame: 350 Split: 2 FPS: 500.000000
AddBlit: 0 0 0 0 0.000000 0 | 1
MainFrame: 351 Split: 2 FPS: 500.000000
AddBlit: 0 0 0 0 0.000000 0 | 1
MainFrame: 352 Split: 2 FPS: 500.000000
AddBlit: 0 0 0 0 0.000000 0 | 1
MainFrame: 353 Split: 8 FPS: 125.000000
AddBlit: 0 0 0 0 0.000000 0 | 1
MainFrame: 354 Split: 1 FPS: 1000.000000
AddBlit: 0 0 0 0 0.000000 0 | 1
MainFrame: 355 Split: 24 FPS: 41.000000
EventMatch: 1543444144 63043311
EventMatch returned 0
EventMatch: 1543444144 63043311
Added event K20+1024 with value 1.000000 at 6691 to 1
EventMatch: 1543444144 63043311
EventMatch returned 0
EventMatch: 1543444144 63043311
SDL Quit after 6788 ticks
EventMatch: 1543444144 63043311
EventMatch returned 0
EventMatch: 1543444144 63043311
Added event K20+1024 with value -1.000000 at 6788 to 2
EventMatch: 1543444144 63043311
EventMatch returned 0
EventMatch: 1543444144 63043311
Added event K227+0 with value -1.000000 at 6788 to 3
AddBlit: 0 0 0 0 0.000000 0 | 1
Quitting under normal circumstances and cleaning up properly.
This log file will be overwritten on next start up.
